#
# A fatal error has been detected by the Java Runtime Environment:
#
#  EXCEPTION_ACCESS_VIOLATION (0xc0000005) at pc=0x6d9ae7a6, pid=1080, tid=2892
#
# JRE version: 7.0_01-b08
# Java VM: Java HotSpot(TM) Client VM (21.1-b02 mixed mode, sharing windows-x86 )
# Problematic frame:
# V  [jvm.dll+0x6e7a6]
#
# Failed to write core dump. Minidumps are not enabled by default on client versions of Windows
#
# If you would like to submit a bug report, please visit:
#   http://bugreport.sun.com/bugreport/crash.jsp
#

---------------  T H R E A D  ---------------

Current thread (0x02f98400):  VMThread [stack: 0x03000000,0x03050000] [id=2892]

siginfo: ExceptionCode=0xc0000005, reading address 0x0000000c

Registers:
EAX=0x00000002, EBX=0x0304fa58, ECX=0x00000000, EDX=0x00000000
ESP=0x0304fa2c, EBP=0x0304fa38, ESI=0x32930030, EDI=0x32930028
EIP=0x6d9ae7a6, EFLAGS=0x00010202

Top of Stack: (sp=0x0304fa2c)
0x0304fa2c:   32931c00 32930000 32930000 0304fa6c
0x0304fa3c:   6d9adc9b 32930000 0000071c 32930000
0x0304fa4c:   32931c70 0304fa58 02f005e8 6dba8ee8
0x0304fa5c:   6d950400 02fa4f38 32930000 0304fc4c
0x0304fa6c:   0304fa94 6d9adc27 32930000 0000071c
0x0304fa7c:   32930000 32931c70 02e1ffff 00000700
0x0304fa8c:   32930000 32930000 0304fabc 6d99d302
0x0304fa9c:   32930000 00000700 00a6f870 6dba5b44 

Instructions: (pc=0x6d9ae7a6)
0x6d9ae786:   14 73 6e 8d a4 24 00 00 00 00 8b 4f 04 8b 41 08
0x6d9ae796:   8b 90 20 01 00 00 83 c1 08 53 57 ff d2 8b 4e 04
0x6d9ae7a6:   8b 41 0c 83 c1 08 8b fe 85 c0 7e 09 a8 01 75 31
0x6d9ae7b6:   c1 f8 02 eb 34 79 2a 8b 56 08 8b c8 83 e1 3f d3 


Register to memory mapping:

EAX=0x00000002 is an unknown value
EBX=0x0304fa58 is an unknown value
ECX=0x00000000 is an unknown value
EDX=0x00000000 is an unknown value
ESP=0x0304fa2c is an unknown value
EBP=0x0304fa38 is an unknown value
ESI=
[error occurred during error reporting (printing register info), id 0xc0000005]

Stack: [0x03000000,0x03050000],  sp=0x0304fa2c,  free space=318k
Native frames: (J=compiled Java code, j=interpreted, Vv=VM code, C=native code)
V  [jvm.dll+0x6e7a6]
V  [jvm.dll+0x6dc9b]
V  [jvm.dll+0x6dc27]
V  [jvm.dll+0x5d302]
V  [jvm.dll+0x5c79b]
V  [jvm.dll+0x5cef8]
V  [jvm.dll+0x6884c]
V  [jvm.dll+0x5ee90]
V  [jvm.dll+0x5cdb4]
V  [jvm.dll+0x6d6b6]
V  [jvm.dll+0x6778f]
V  [jvm.dll+0x61afa]
V  [jvm.dll+0x671d6]
V  [jvm.dll+0x5ea03]
V  [jvm.dll+0x16b106]
V  [jvm.dll+0x148f35]
V  [jvm.dll+0x14816e]
V  [jvm.dll+0x14849c]
V  [jvm.dll+0x148912]
V  [jvm.dll+0x171549]
C  [msvcr100.dll+0x5c6de]  endthreadex+0x3a
C  [msvcr100.dll+0x5c788]  endthreadex+0xe4
C  [kernel32.dll+0xb729]  GetModuleFileNameA+0x1ba

VM_Operation (0x0437f4f0): GenCollectForAllocation, mode: safepoint, requested by thread 0x02f92000


---------------  P R O C E S S  ---------------

Java Threads: ( => current thread )
  0x0352ec00 JavaThread "Thread-35" [_thread_blocked, id=2748, stack(0x03c10000,0x03c60000)]
  0x0362d000 JavaThread "TimerQueue" daemon [_thread_blocked, id=2364, stack(0x03a90000,0x03ae0000)]
  0x02f92c00 JavaThread "Thread-33" daemon [_thread_blocked, id=3852, stack(0x04380000,0x043d0000)]
  0x02f94800 JavaThread "ProgressReporter" daemon [_thread_blocked, id=1644, stack(0x03bc0000,0x03c10000)]
  0x02f92000 JavaThread "thread applet-Applets/AppletHollidaysPassword.class-6" [_thread_blocked, id=2592, stack(0x04330000,0x04380000)]
  0x03528000 JavaThread "Thread-30" daemon [_thread_blocked, id=1544, stack(0x042e0000,0x04330000)]
  0x0358c400 JavaThread "ProgressReporter" daemon [_thread_blocked, id=2396, stack(0x04210000,0x04260000)]
  0x0362d800 JavaThread "thread applet-Applets/AppletHollydaysLogin.class-5" [_thread_blocked, id=3504, stack(0x03da0000,0x03df0000)]
  0x034ca800 JavaThread "Applet 6 LiveConnect Worker Thread" [_thread_blocked, id=2272, stack(0x03cd0000,0x03d20000)]
  0x02fdc400 JavaThread "AWT-EventQueue-4" [_thread_blocked, id=2200, stack(0x03a10000,0x03a60000)]
  0x034a8000 JavaThread "Applet 5 LiveConnect Worker Thread" [_thread_blocked, id=2480, stack(0x03b70000,0x03bc0000)]
  0x035aac00 JavaThread "AWT-EventQueue-1" [_thread_blocked, id=2072, stack(0x039c0000,0x03a10000)]
  0x03596000 JavaThread "JVM[id=1]-Heartbeat" daemon [_thread_blocked, id=3588, stack(0x03b00000,0x03b50000)]
  0x0357dc00 JavaThread "Browser Side Object Cleanup Thread" [_thread_blocked, id=2316, stack(0x038d0000,0x03920000)]
  0x03525000 JavaThread "CacheCleanUpThread" daemon [_thread_blocked, id=3184, stack(0x03970000,0x039c0000)]
  0x0351e800 JavaThread "CacheMemoryCleanUpThread" daemon [_thread_blocked, id=1296, stack(0x03920000,0x03970000)]
  0x03514400 JavaThread "SysExecutionTheadCreator" daemon [_thread_blocked, id=3712, stack(0x036f0000,0x03740000)]
  0x0350cc00 JavaThread "AWT-EventQueue-0" [_thread_blocked, id=1628, stack(0x03880000,0x038d0000)]
  0x03507c00 JavaThread "AWT-Windows" daemon [_thread_in_native, id=3604, stack(0x00ba0000,0x00ca0000)]
  0x03506000 JavaThread "AWT-Shutdown" [_thread_blocked, id=2736, stack(0x037e0000,0x03830000)]
  0x03505000 JavaThread "Java2D Disposer" daemon [_thread_blocked, id=2408, stack(0x03790000,0x037e0000)]
  0x034fd800 JavaThread "Java Plug-In Pipe Worker Thread (Client-Side)" daemon [_thread_in_native, id=4080, stack(0x03740000,0x03790000)]
  0x034d4c00 JavaThread "Timer-0" [_thread_blocked, id=456, stack(0x036a0000,0x036f0000)]
  0x02ff0400 JavaThread "traceMsgQueueThread" daemon [_thread_blocked, id=2128, stack(0x03400000,0x03450000)]
  0x02fb6800 JavaThread "Service Thread" daemon [_thread_blocked, id=1944, stack(0x031e0000,0x03230000)]
  0x02fb1400 JavaThread "C1 CompilerThread0" daemon [_thread_blocked, id=3120, stack(0x03190000,0x031e0000)]
  0x02faf800 JavaThread "Attach Listener" daemon [_thread_blocked, id=3160, stack(0x03140000,0x03190000)]
  0x02fae000 JavaThread "Signal Dispatcher" daemon [_thread_blocked, id=2660, stack(0x030f0000,0x03140000)]
  0x02f9b800 JavaThread "Finalizer" daemon [_thread_blocked, id=3224, stack(0x030a0000,0x030f0000)]
  0x02f99c00 JavaThread "Reference Handler" daemon [_thread_blocked, id=444, stack(0x03050000,0x030a0000)]
  0x00a68c00 JavaThread "main" [_thread_blocked, id=2964, stack(0x00b50000,0x00ba0000)]

Other Threads:
=>0x02f98400 VMThread [stack: 0x03000000,0x03050000] [id=2892]
  0x02fc1c00 WatcherThread [stack: 0x03230000,0x03280000] [id=1616]

VM state:at safepoint (normal execution)

VM Mutex/Monitor currently owned by a thread:  ([mutex/lock_event])
[0x00a67d00] Threads_lock - owner thread: 0x02f98400
[0x00a68110] Heap_lock - owner thread: 0x02f92000

Heap
 def new generation   total 4928K, used 4928K [0x22930000, 0x22e80000, 0x27e80000)
  eden space 4416K, 100% used [0x22930000, 0x22d80000, 0x22d80000)
  from space 512K, 100% used [0x22e00000, 0x22e80000, 0x22e80000)
  to   space 512K,   7% used [0x22d80000, 0x22d89640, 0x22e00000)
 tenured generation   total 10944K, used 1208K [0x27e80000, 0x28930000, 0x32930000)
   the space 10944K,  11% used [0x27e80000, 0x27fae0f8, 0x27fae200, 0x28930000)
 compacting perm gen  total 12288K, used 3105K [0x32930000, 0x33530000, 0x36930000)
   the space 12288K,  25% used [0x32930000, 0x32c38660, 0x32c38800, 0x33530000)
    ro space 10240K,  42% used [0x36930000, 0x36d6c7b0, 0x36d6c800, 0x37330000)
    rw space 12288K,  53% used [0x37330000, 0x379a8210, 0x379a8400, 0x37f30000)

Code Cache  [0x00d20000, 0x00de8000, 0x02d20000)
 total_blobs=427 nmethods=190 adapters=170 free_code_cache=31987Kb largest_free_block=32754880

Dynamic libraries:
0x00400000 - 0x0042e000 	C:\Program Files\Java\jre7\bin\java.exe
0x7c910000 - 0x7c9c9000 	C:\WINDOWS\system32\ntdll.dll
0x7c800000 - 0x7c906000 	C:\WINDOWS\system32\kernel32.dll
0x609c0000 - 0x60a32000 	C:\WINDOWS\System32\SYSFER.DLL
0x77da0000 - 0x77e4c000 	C:\WINDOWS\system32\ADVAPI32.dll
0x77e50000 - 0x77ee3000 	C:\WINDOWS\system32\RPCRT4.dll
0x77fc0000 - 0x77fd1000 	C:\WINDOWS\system32\Secur32.dll
0x7e390000 - 0x7e421000 	C:\WINDOWS\system32\USER32.dll
0x77ef0000 - 0x77f39000 	C:\WINDOWS\system32\GDI32.dll
0x77390000 - 0x77493000 	C:\WINDOWS\WinSxS\x86_Microsoft.Windows.Common-Controls_6595b64144ccf1df_6.0.2600.6028_x-ww_61e65202\COMCTL32.dll
0x77be0000 - 0x77c38000 	C:\WINDOWS\system32\msvcrt.dll
0x77f40000 - 0x77fb6000 	C:\WINDOWS\system32\SHLWAPI.dll
0x76320000 - 0x7633d000 	C:\WINDOWS\system32\IMM32.DLL
0x78aa0000 - 0x78b5e000 	C:\Program Files\Java\jre7\bin\msvcr100.dll
0x6d940000 - 0x6dc61000 	C:\Program Files\Java\jre7\bin\client\jvm.dll
0x71a10000 - 0x71a1a000 	C:\WINDOWS\system32\WSOCK32.dll
0x719f0000 - 0x71a07000 	C:\WINDOWS\system32\WS2_32.dll
0x719e0000 - 0x719e8000 	C:\WINDOWS\system32\WS2HELP.dll
0x76ae0000 - 0x76b0f000 	C:\WINDOWS\system32\WINMM.dll
0x76ba0000 - 0x76bab000 	C:\WINDOWS\system32\PSAPI.DLL
0x6d8d0000 - 0x6d8dc000 	C:\Program Files\Java\jre7\bin\verify.dll
0x6d370000 - 0x6d390000 	C:\Program Files\Java\jre7\bin\java.dll
0x6d000000 - 0x6d142000 	C:\Program Files\Java\jre7\bin\awt.dll
0x770e0000 - 0x7716b000 	C:\WINDOWS\system32\OLEAUT32.dll
0x774a0000 - 0x775de000 	C:\WINDOWS\system32\ole32.dll
0x74690000 - 0x746dc000 	C:\WINDOWS\system32\MSCTF.dll
0x6d920000 - 0x6d933000 	C:\Program Files\Java\jre7\bin\zip.dll
0x6d450000 - 0x6d456000 	C:\Program Files\Java\jre7\bin\jp2native.dll
0x6d1b0000 - 0x6d1e3000 	C:\Program Files\Java\jre7\bin\deploy.dll
0x77bd0000 - 0x77bd8000 	C:\WINDOWS\system32\VERSION.dll
0x404a0000 - 0x40586000 	C:\WINDOWS\system32\WININET.dll
0x03280000 - 0x03289000 	C:\WINDOWS\system32\Normaliz.dll
0x45180000 - 0x452b3000 	C:\WINDOWS\system32\urlmon.dll
0x40b40000 - 0x40d2b000 	C:\WINDOWS\system32\iertutil.dll
0x7c9d0000 - 0x7d1f5000 	C:\WINDOWS\system32\SHELL32.dll
0x6d660000 - 0x6d674000 	C:\Program Files\Java\jre7\bin\net.dll
0x6d680000 - 0x6d68f000 	C:\Program Files\Java\jre7\bin\nio.dll
0x75140000 - 0x7516e000 	C:\WINDOWS\system32\msctfime.ime
0x6d2c0000 - 0x6d2ea000 	C:\Program Files\Java\jre7\bin\fontmanager.dll
0x6d870000 - 0x6d8a1000 	C:\Program Files\Java\jre7\bin\t2k.dll
0x76f80000 - 0x76fff000 	C:\WINDOWS\system32\CLBCATQ.DLL
0x77000000 - 0x770d4000 	C:\WINDOWS\system32\COMRes.dll

VM Arguments:
jvm_args: -D__jvm_launched=4381612468 -D__applet_launched=4381604474 -Xbootclasspath/a:C:\PROGRA~1\Java\jre7\lib\deploy.jar;C:\PROGRA~1\Java\jre7\lib\javaws.jar;C:\PROGRA~1\Java\jre7\lib\plugin.jar -Dsun.awt.warmup=true 
java_command: sun.plugin2.main.client.PluginMain write_pipe_name=jpi2_pid4076_pipe2,read_pipe_name=jpi2_pid4076_pipe1
Launcher Type: SUN_STANDARD

Environment Variables:
PATH=C:\Program Files\Mozilla Firefox;C:\WINDOWS\system32;C:\WINDOWS;C:\WINDOWS\System32\Wbem;c:\Program Files\Microsoft SQL Server\100\Tools\Binn\;c:\Program Files\Microsoft SQL Server\100\DTS\Binn\;C:\Program Files\QuickTime\QTSystem\;C:\Program Files\jEdit
USERNAME=etud
OS=Windows_NT
PROCESSOR_IDENTIFIER=x86 Family 6 Model 42 Stepping 7, GenuineIntel



---------------  S Y S T E M  ---------------

OS: Windows XP Build 2600 Service Pack 3

CPU:total 4 (4 cores per cpu, 1 threads per core) family 6 model 42 stepping 7, cmov, cx8, fxsr, mmx, sse, sse2, sse3, ssse3, sse4.1, sse4.2, popcnt

Memory: 4k page, physical 2992376k(1725384k free), swap 4920676k(3450248k free)

vm_info: Java HotSpot(TM) Client VM (21.1-b02) for windows-x86 JRE (1.7.0_01-b08), built on Oct  3 2011 02:11:36 by "java_re" with unknown MS VC++:1600

time: Thu Sep 20 11:26:08 2012
elapsed time: 44 seconds

